Project:               Master
File:                  file:/C:/Users/Mehmet/Documents/LPCXpresso_7.4.0_229/TetCo/Master/Application/src/main.c
Language:              GNU C
Index Version:         172.0
Build Configuration:   Debug
Context:               file:/C:/Users/Mehmet/Documents/LPCXpresso_7.4.0_229/TetCo/Master/Application/src/main.c
   C, {}
Versions in Index:     1
   C: {}; 2 macros, 6 includes, 181 names;

Include Search Path (option -I):
   C:\Users\Mehmet\Documents\LPCXpresso_7.4.0_229\TetCo\CMSISv2p00_LPC11xx\inc
   C:\Users\Mehmet\Documents\LPCXpresso_7.4.0_229\TetCo\Master\Application\inc
   C:\Users\Mehmet\Documents\LPCXpresso_7.4.0_229\TetCo\Master\Drivers\inc\CANopen
   C:\Users\Mehmet\Documents\LPCXpresso_7.4.0_229\TetCo\Master\Drivers\inc\UART
   c:/nxp/lpcxpresso_7.4.0_229/lpcxpresso/tools/redlib/include
   c:/nxp/lpcxpresso_7.4.0_229/lpcxpresso/tools/features/include

Macro definitions (option -D):
   DEBUG=
   __ACCUM_EPSILON__=0x1P-15K
   __ACCUM_FBIT__=15
   __ACCUM_IBIT__=16
   __ACCUM_MAX__=0X7FFFFFFFP-15K
   __ACCUM_MIN__=(-0X1P15K-0X1P15K)
   __APCS_32__=1
   __ARMEL__=1
   __ARM_ARCH=4
   __ARM_ARCH_4T__=1
   __ARM_ARCH_ISA_ARM=1
   __ARM_ARCH_ISA_THUMB=1
   __ARM_EABI__=1
   __ARM_FP=12
   __ARM_NEON_FP=4
   __ARM_PCS=1
   __ARM_SIZEOF_MINIMAL_ENUM=1
   __ARM_SIZEOF_WCHAR_T=32
   __arm__=1
   __ATOMIC_ACQUIRE=2
   __ATOMIC_ACQ_REL=4
   __ATOMIC_CONSUME=1
   __ATOMIC_RELAXED=0
   __ATOMIC_RELEASE=3
   __ATOMIC_SEQ_CST=5
   __BIGGEST_ALIGNMENT__=8
   __BYTE_ORDER__=__ORDER_LITTLE_ENDIAN__
   __CHAR16_TYPE__=short unsigned int
   __CHAR32_TYPE__=long unsigned int
   __CHAR_BIT__=8
   __CHAR_UNSIGNED__=1
   __CODE_RED=
   __DA_FBIT__=31
   __DA_IBIT__=32
   __DBL_DECIMAL_DIG__=17
   __DBL_DENORM_MIN__=((double)4.9406564584124654e-324L)
   __DBL_DIG__=15
   __DBL_EPSILON__=((double)2.2204460492503131e-16L)
   __DBL_HAS_DENORM__=1
   __DBL_HAS_INFINITY__=1
   __DBL_HAS_QUIET_NAN__=1
   __DBL_MANT_DIG__=53
   __DBL_MAX_10_EXP__=308
   __DBL_MAX_EXP__=1024
   __DBL_MAX__=((double)1.7976931348623157e+308L)
   __DBL_MIN_10_EXP__=(-307)
   __DBL_MIN_EXP__=(-1021)
   __DBL_MIN__=((double)2.2250738585072014e-308L)
   __DEC128_EPSILON__=1E-33DL
   __DEC128_MANT_DIG__=34
   __DEC128_MAX_EXP__=6145
   __DEC128_MAX__=9.999999999999999999999999999999999E6144DL
   __DEC128_MIN_EXP__=(-6142)
   __DEC128_MIN__=1E-6143DL
   __DEC128_SUBNORMAL_MIN__=0.000000000000000000000000000000001E-6143DL
   __DEC32_EPSILON__=1E-6DF
   __DEC32_MANT_DIG__=7
   __DEC32_MAX_EXP__=97
   __DEC32_MAX__=9.999999E96DF
   __DEC32_MIN_EXP__=(-94)
   __DEC32_MIN__=1E-95DF
   __DEC32_SUBNORMAL_MIN__=0.000001E-95DF
   __DEC64_EPSILON__=1E-15DD
   __DEC64_MANT_DIG__=16
   __DEC64_MAX_EXP__=385
   __DEC64_MAX__=9.999999999999999E384DD
   __DEC64_MIN_EXP__=(-382)
   __DEC64_MIN__=1E-383DD
   __DEC64_SUBNORMAL_MIN__=0.000000000000001E-383DD
   __DECIMAL_DIG__=17
   __DEC_EVAL_METHOD__=2
   __DQ_FBIT__=63
   __DQ_IBIT__=0
   __ELF__=1
   __FINITE_MATH_ONLY__=0
   __FLOAT_WORD_ORDER__=__ORDER_LITTLE_ENDIAN__
   __FLT_DECIMAL_DIG__=9
   __FLT_DENORM_MIN__=1.4012984643248171e-45F
   __FLT_DIG__=6
   __FLT_EPSILON__=1.1920928955078125e-7F
   __FLT_EVAL_METHOD__=0
   __FLT_HAS_DENORM__=1
   __FLT_HAS_INFINITY__=1
   __FLT_HAS_QUIET_NAN__=1
   __FLT_MANT_DIG__=24
   __FLT_MAX_10_EXP__=38
   __FLT_MAX_EXP__=128
   __FLT_MAX__=3.4028234663852886e+38F
   __FLT_MIN_10_EXP__=(-37)
   __FLT_MIN_EXP__=(-125)
   __FLT_MIN__=1.1754943508222875e-38F
   __FLT_RADIX__=2
   __FRACT_EPSILON__=0x1P-15R
   __FRACT_FBIT__=15
   __FRACT_IBIT__=0
   __FRACT_MAX__=0X7FFFP-15R
   __FRACT_MIN__=(-0.5R-0.5R)
   __GCC_ATOMIC_BOOL_LOCK_FREE=1
   __GCC_ATOMIC_CHAR16_T_LOCK_FREE=1
   __GCC_ATOMIC_CHAR32_T_LOCK_FREE=1
   __GCC_ATOMIC_CHAR_LOCK_FREE=1
   __GCC_ATOMIC_INT_LOCK_FREE=1
   __GCC_ATOMIC_LLONG_LOCK_FREE=1
   __GCC_ATOMIC_LONG_LOCK_FREE=1
   __GCC_ATOMIC_POINTER_LOCK_FREE=1
   __GCC_ATOMIC_SHORT_LOCK_FREE=1
   __GCC_ATOMIC_TEST_AND_SET_TRUEVAL=1
   __GCC_ATOMIC_WCHAR_T_LOCK_FREE=1
   __GNUC_GNU_INLINE__=1
   __GNUC_MINOR__=8
   __GNUC_PATCHLEVEL__=4
   __GNUC__=4
   __GXX_ABI_VERSION=1002
   __GXX_TYPEINFO_EQUALITY_INLINE=0
   __HA_FBIT__=7
   __HA_IBIT__=8
   __HQ_FBIT__=15
   __HQ_IBIT__=0
   __INT16_C(c)=c
   __INT16_MAX__=32767
   __INT16_TYPE__=short int
   __INT32_C(c)=c ## L
   __INT32_MAX__=2147483647L
   __INT32_TYPE__=long int
   __INT64_C(c)=c ## LL
   __INT64_MAX__=9223372036854775807LL
   __INT64_TYPE__=long long int
   __INT8_C(c)=c
   __INT8_MAX__=127
   __INT8_TYPE__=signed char
   __INTMAX_C(c)=c ## LL
   __INTMAX_MAX__=9223372036854775807LL
   __INTMAX_TYPE__=long long int
   __INTPTR_MAX__=2147483647
   __INTPTR_TYPE__=int
   __INT_FAST16_MAX__=2147483647
   __INT_FAST16_TYPE__=int
   __INT_FAST32_MAX__=2147483647
   __INT_FAST32_TYPE__=int
   __INT_FAST64_MAX__=9223372036854775807LL
   __INT_FAST64_TYPE__=long long int
   __INT_FAST8_MAX__=2147483647
   __INT_FAST8_TYPE__=int
   __INT_LEAST16_MAX__=32767
   __INT_LEAST16_TYPE__=short int
   __INT_LEAST32_MAX__=2147483647L
   __INT_LEAST32_TYPE__=long int
   __INT_LEAST64_MAX__=9223372036854775807LL
   __INT_LEAST64_TYPE__=long long int
   __INT_LEAST8_MAX__=127
   __INT_LEAST8_TYPE__=signed char
   __INT_MAX__=2147483647
   __LACCUM_EPSILON__=0x1P-31LK
   __LACCUM_FBIT__=31
   __LACCUM_IBIT__=32
   __LACCUM_MAX__=0X7FFFFFFFFFFFFFFFP-31LK
   __LACCUM_MIN__=(-0X1P31LK-0X1P31LK)
   __LDBL_DENORM_MIN__=4.9406564584124654e-324L
   __LDBL_DIG__=15
   __LDBL_EPSILON__=2.2204460492503131e-16L
   __LDBL_HAS_DENORM__=1
   __LDBL_HAS_INFINITY__=1
   __LDBL_HAS_QUIET_NAN__=1
   __LDBL_MANT_DIG__=53
   __LDBL_MAX_10_EXP__=308
   __LDBL_MAX_EXP__=1024
   __LDBL_MAX__=1.7976931348623157e+308L
   __LDBL_MIN_10_EXP__=(-307)
   __LDBL_MIN_EXP__=(-1021)
   __LDBL_MIN__=2.2250738585072014e-308L
   __LFRACT_EPSILON__=0x1P-31LR
   __LFRACT_FBIT__=31
   __LFRACT_IBIT__=0
   __LFRACT_MAX__=0X7FFFFFFFP-31LR
   __LFRACT_MIN__=(-0.5LR-0.5LR)
   __LLACCUM_EPSILON__=0x1P-31LLK
   __LLACCUM_FBIT__=31
   __LLACCUM_IBIT__=32
   __LLACCUM_MAX__=0X7FFFFFFFFFFFFFFFP-31LLK
   __LLACCUM_MIN__=(-0X1P31LLK-0X1P31LLK)
   __LLFRACT_EPSILON__=0x1P-63LLR
   __LLFRACT_FBIT__=63
   __LLFRACT_IBIT__=0
   __LLFRACT_MAX__=0X7FFFFFFFFFFFFFFFP-63LLR
   __LLFRACT_MIN__=(-0.5LLR-0.5LLR)
   __LONG_LONG_MAX__=9223372036854775807LL
   __LONG_MAX__=2147483647L
   __NO_INLINE__=1
   __ORDER_BIG_ENDIAN__=4321
   __ORDER_LITTLE_ENDIAN__=1234
   __ORDER_PDP_ENDIAN__=3412
   __PRAGMA_REDEFINE_EXTNAME=1
   __PTRDIFF_MAX__=2147483647
   __PTRDIFF_TYPE__=int
   __QQ_FBIT__=7
   __QQ_IBIT__=0
   __REDLIB__=
   __REGISTER_PREFIX__=
   __SACCUM_EPSILON__=0x1P-7HK
   __SACCUM_FBIT__=7
   __SACCUM_IBIT__=8
   __SACCUM_MAX__=0X7FFFP-7HK
   __SACCUM_MIN__=(-0X1P7HK-0X1P7HK)
   __SA_FBIT__=15
   __SA_IBIT__=16
   __SCHAR_MAX__=127
   __SFRACT_EPSILON__=0x1P-7HR
   __SFRACT_FBIT__=7
   __SFRACT_IBIT__=0
   __SFRACT_MAX__=0X7FP-7HR
   __SFRACT_MIN__=(-0.5HR-0.5HR)
   __SHRT_MAX__=32767
   __SIG_ATOMIC_MAX__=2147483647
   __SIG_ATOMIC_MIN__=(-__SIG_ATOMIC_MAX__ - 1)
   __SIG_ATOMIC_TYPE__=int
   __SIZEOF_DOUBLE__=8
   __SIZEOF_FLOAT__=4
   __SIZEOF_INT__=4
   __SIZEOF_LONG_DOUBLE__=8
   __SIZEOF_LONG_LONG__=8
   __SIZEOF_LONG__=4
   __SIZEOF_POINTER__=4
   __SIZEOF_PTRDIFF_T__=4
   __SIZEOF_SHORT__=2
   __SIZEOF_SIZE_T__=4
   __SIZEOF_WCHAR_T__=4
   __SIZEOF_WINT_T__=4
   __SIZE_MAX__=4294967295U
   __SIZE_TYPE__=unsigned int
   __SOFTFP__=1
   __SQ_FBIT__=31
   __SQ_IBIT__=0
   __STDC_HOSTED__=1
   __STDC__=1
   __TA_FBIT__=63
   __TA_IBIT__=64
   __THUMB_INTERWORK__=1
   __TQ_FBIT__=127
   __TQ_IBIT__=0
   __UACCUM_EPSILON__=0x1P-16UK
   __UACCUM_FBIT__=16
   __UACCUM_IBIT__=16
   __UACCUM_MAX__=0XFFFFFFFFP-16UK
   __UACCUM_MIN__=0.0UK
   __UDA_FBIT__=32
   __UDA_IBIT__=32
   __UDQ_FBIT__=64
   __UDQ_IBIT__=0
   __UFRACT_EPSILON__=0x1P-16UR
   __UFRACT_FBIT__=16
   __UFRACT_IBIT__=0
   __UFRACT_MAX__=0XFFFFP-16UR
   __UFRACT_MIN__=0.0UR
   __UHA_FBIT__=8
   __UHA_IBIT__=8
   __UHQ_FBIT__=16
   __UHQ_IBIT__=0
   __UINT16_C(c)=c
   __UINT16_MAX__=65535
   __UINT16_TYPE__=short unsigned int
   __UINT32_C(c)=c ## UL
   __UINT32_MAX__=4294967295UL
   __UINT32_TYPE__=long unsigned int
   __UINT64_C(c)=c ## ULL
   __UINT64_MAX__=18446744073709551615ULL
   __UINT64_TYPE__=long long unsigned int
   __UINT8_C(c)=c
   __UINT8_MAX__=255
   __UINT8_TYPE__=unsigned char
   __UINTMAX_C(c)=c ## ULL
   __UINTMAX_MAX__=18446744073709551615ULL
   __UINTMAX_TYPE__=long long unsigned int
   __UINTPTR_MAX__=4294967295U
   __UINTPTR_TYPE__=unsigned int
   __UINT_FAST16_MAX__=4294967295U
   __UINT_FAST16_TYPE__=unsigned int
   __UINT_FAST32_MAX__=4294967295U
   __UINT_FAST32_TYPE__=unsigned int
   __UINT_FAST64_MAX__=18446744073709551615ULL
   __UINT_FAST64_TYPE__=long long unsigned int
   __UINT_FAST8_MAX__=4294967295U
   __UINT_FAST8_TYPE__=unsigned int
   __UINT_LEAST16_MAX__=65535
   __UINT_LEAST16_TYPE__=short unsigned int
   __UINT_LEAST32_MAX__=4294967295UL
   __UINT_LEAST32_TYPE__=long unsigned int
   __UINT_LEAST64_MAX__=18446744073709551615ULL
   __UINT_LEAST64_TYPE__=long long unsigned int
   __UINT_LEAST8_MAX__=255
   __UINT_LEAST8_TYPE__=unsigned char
   __ULACCUM_EPSILON__=0x1P-32ULK
   __ULACCUM_FBIT__=32
   __ULACCUM_IBIT__=32
   __ULACCUM_MAX__=0XFFFFFFFFFFFFFFFFP-32ULK
   __ULACCUM_MIN__=0.0ULK
   __ULFRACT_EPSILON__=0x1P-32ULR
   __ULFRACT_FBIT__=32
   __ULFRACT_IBIT__=0
   __ULFRACT_MAX__=0XFFFFFFFFP-32ULR
   __ULFRACT_MIN__=0.0ULR
   __ULLACCUM_EPSILON__=0x1P-32ULLK
   __ULLACCUM_FBIT__=32
   __ULLACCUM_IBIT__=32
   __ULLACCUM_MAX__=0XFFFFFFFFFFFFFFFFP-32ULLK
   __ULLACCUM_MIN__=0.0ULLK
   __ULLFRACT_EPSILON__=0x1P-64ULLR
   __ULLFRACT_FBIT__=64
   __ULLFRACT_IBIT__=0
   __ULLFRACT_MAX__=0XFFFFFFFFFFFFFFFFP-64ULLR
   __ULLFRACT_MIN__=0.0ULLR
   __UQQ_FBIT__=8
   __UQQ_IBIT__=0
   __USACCUM_EPSILON__=0x1P-8UHK
   __USACCUM_FBIT__=8
   __USACCUM_IBIT__=8
   __USACCUM_MAX__=0XFFFFP-8UHK
   __USACCUM_MIN__=0.0UHK
   __USA_FBIT__=16
   __USA_IBIT__=16
   __USER_LABEL_PREFIX__=
   __USES_INITFINI__=1
   __USE_CMSIS=CMSISv2p00_LPC11xx
   __USFRACT_EPSILON__=0x1P-8UHR
   __USFRACT_FBIT__=8
   __USFRACT_IBIT__=0
   __USFRACT_MAX__=0XFFP-8UHR
   __USFRACT_MIN__=0.0UHR
   __USQ_FBIT__=32
   __USQ_IBIT__=0
   __UTA_FBIT__=64
   __UTA_IBIT__=64
   __UTQ_FBIT__=128
   __UTQ_IBIT__=0
   __VERSION__="4.8.4 20140526 (release) [ARM/embedded-4_8-branch revision 211358]"
   __VFP_FP__=1
   __WCHAR_MAX__=4294967295U
   __WCHAR_MIN__=0U
   __WCHAR_TYPE__=unsigned int
   __WINT_MAX__=4294967295U
   __WINT_MIN__=0U
   __WINT_TYPE__=unsigned int

Macro definitions (from language + headers in index):
   APP_ERROR_COMM_RESET=0x04
   APP_ERROR_GENERAL_FAILURE=0x01
   APP_ERROR_HEARTBEAT_FAILURE=0x03
   APP_ERROR_NODE_RESET=0x05
   APP_ERROR_UNKOWN_COMMAND=0x02
   AUTOBAUD_ENABLE=0
   bool=_Bool
   BUFSIZE=0x40
   BYTESEX_EVEN=1
   CAN=0
   CANOPEN_DRIVER_H_=
   CANopen_SDOC_Exp_Read_Busy=2
   CANopen_SDOC_Exp_Write_Busy=3
   CANopen_SDOC_Fail=0
   CANopen_SDOC_Seg_Read_Busy=4
   CANopen_SDOC_Seg_Write_Busy=5
   CANopen_SDOC_Succes=1
   CANOPEN_TIMEOUT_VAL=10
   CAN_ERROR_ACK=0x00000020UL
   CAN_ERROR_BIT0=0x00000080UL
   CAN_ERROR_BIT1=0x00000040UL
   CAN_ERROR_BOFF=0x00000004UL
   CAN_ERROR_CRC=0x00000100UL
   CAN_ERROR_FORM=0x00000010UL
   CAN_ERROR_NONE=0x00000000UL
   CAN_ERROR_PASS=0x00000001UL
   CAN_ERROR_STUF=0x00000008UL
   CAN_ERROR_WARN=0x00000002UL
   CAN_MASTER_NODE=0x7D
   CAN_MSGOBJ_DAT=0x00000000UL
   CAN_MSGOBJ_EXT=0x20000000UL
   CAN_MSGOBJ_RTR=0x40000000UL
   CAN_MSGOBJ_STD=0x00000000UL
   CAN_NODE_CMD_H_=
   CAN_NODE_ID=CAN_MASTER_NODE
   CAN_SDOREQ_HANDLED_NOSEND=2
   CAN_SDOREQ_HANDLED_SEND=1
   CAN_SDOREQ_NOTHANDLED=0
   CAN_SDOSEG_CLOSE=2
   CAN_SDOSEG_OPEN=1
   CAN_SDOSEG_SEGMENT=0
   CAN_SLAVE10_NODE=0x0A
   CAN_SLAVE11_NODE=0x0B
   CAN_SLAVE12_NODE=0x0C
   CAN_SLAVE13_NODE=0x0D
   CAN_SLAVE14_NODE=0x0E
   CAN_SLAVE15_NODE=0x0F
   CAN_SLAVE16_NODE=0x10
   CAN_SLAVE17_NODE=0x11
   CAN_SLAVE18_NODE=0x12
   CAN_SLAVE19_NODE=0x13
   CAN_SLAVE1_NODE=0x01
   CAN_SLAVE20_NODE=0x14
   CAN_SLAVE21_NODE=0x15
   CAN_SLAVE22_NODE=0x16
   CAN_SLAVE23_NODE=0x17
   CAN_SLAVE24_NODE=0x18
   CAN_SLAVE25_NODE=0x19
   CAN_SLAVE26_NODE=0x1A
   CAN_SLAVE27_NODE=0x1B
   CAN_SLAVE28_NODE=0x1C
   CAN_SLAVE29_NODE=0x1D
   CAN_SLAVE2_NODE=0x02
   CAN_SLAVE30_NODE=0x1E
   CAN_SLAVE31_NODE=0x1F
   CAN_SLAVE32_NODE=0x20
   CAN_SLAVE33_NODE=0x21
   CAN_SLAVE34_NODE=0x22
   CAN_SLAVE35_NODE=0x23
   CAN_SLAVE36_NODE=0x24
   CAN_SLAVE37_NODE=0x25
   CAN_SLAVE38_NODE=0x26
   CAN_SLAVE39_NODE=0x27
   CAN_SLAVE3_NODE=0x03
   CAN_SLAVE40_NODE=0x28
   CAN_SLAVE41_NODE=0x29
   CAN_SLAVE42_NODE=0x2A
   CAN_SLAVE43_NODE=0x2B
   CAN_SLAVE44_NODE=0x2C
   CAN_SLAVE45_NODE=0x2D
   CAN_SLAVE46_NODE=0x2E
   CAN_SLAVE47_NODE=0x2F
   CAN_SLAVE48_NODE=0x30
   CAN_SLAVE49_NODE=0x31
   CAN_SLAVE4_NODE=0x04
   CAN_SLAVE50_NODE=0x32
   CAN_SLAVE5_NODE=0x05
   CAN_SLAVE6_NODE=0x06
   CAN_SLAVE7_NODE=0x07
   CAN_SLAVE8_NODE=0x08
   CAN_SLAVE9_NODE=0x09
   CoreDebug_BASE=(0xE000EDF0UL)
   DOUBLE_EXP_LAST=1
   FALSE=(0)
   false=0
   FDR_CALIBRATION=0
   FILEHANDLE=int
   FLOAT64=double
   HEARTBEAT_CONSUMER_TIME=4500
   HEARTBEAT_PRODUCER_TIME=4000
   HOST_LACKS_ALLOC=1
   IER_ABEO=(0x01<<8)
   IER_ABTO=(0x01<<9)
   IER_RBR=(0x01<<0)
   IER_RLS=(0x01<<2)
   IER_THRE=(0x01<<1)
   IIR_ABEO=(0x01<<8)
   IIR_ABTO=(0x01<<9)
   IIR_CTI=0x06
   IIR_PEND=0x01
   IIR_RDA=0x02
   IIR_RLS=0x03
   IIR_THRE=0x01
   INT16_C(value)=((short)(value))
   INT16_MAX=0x7fff
   INT16_MIN=(-0x8000)
   INT32_C(value)=((int)(value))
   INT32_MAX=0x7fffffff
   INT32_MIN=(-0x80000000)
   INT64_C(value)=((long long)(value))
   INT64_MAX=0x7fffffffffffffffLL
   INT64_MIN=(-0x8000000000000000LL)
   INT8_C(value)=((signed char)(value))
   INT8_MAX=0x7f
   INT8_MIN=(-0x80)
   INTMAX_C(value)=((long long)(value))
   INTMAX_MAX=0x7fffffffffffffffLL
   INTMAX_MIN=(-0x8000000000000000LL)
   INTPTR_MAX=0x7fffffff
   INTPTR_MIN=(-0x80000000)
   INT_FAST16_MAX=0x7fffffff
   INT_FAST16_MIN=(-0x80000000)
   INT_FAST32_MAX=0x7fffffff
   INT_FAST32_MIN=(-0x80000000)
   INT_FAST64_MAX=0x7fffffffffffffffLL
   INT_FAST64_MIN=(-0x8000000000000000LL)
   INT_FAST8_MAX=0x7fffffff
   INT_FAST8_MIN=(-0x80000000)
   INT_LEAST16_MAX=0x7fff
   INT_LEAST16_MIN=(-0x8000)
   INT_LEAST32_MAX=0x7fffffff
   INT_LEAST32_MIN=(-0x80000000)
   INT_LEAST64_MAX=0x7fffffffffffffffLL
   INT_LEAST64_MIN=(-0x8000000000000000LL)
   INT_LEAST8_MAX=0x7f
   INT_LEAST8_MIN=(-0x80)
   LPC_ADC=((LPC_ADC_TypeDef *) LPC_ADC_BASE )
   LPC_ADC_BASE=(LPC_APB0_BASE + 0x1C000)
   LPC_AHB_BASE=(0x50000000UL)
   LPC_APB0_BASE=(0x40000000UL)
   LPC_CAN=((LPC_CAN_TypeDef *) LPC_CAN_BASE )
   LPC_CAN_BASE=(LPC_APB0_BASE + 0x50000)
   LPC_CT16B0_BASE=(LPC_APB0_BASE + 0x0C000)
   LPC_CT16B1_BASE=(LPC_APB0_BASE + 0x10000)
   LPC_CT32B0_BASE=(LPC_APB0_BASE + 0x14000)
   LPC_CT32B1_BASE=(LPC_APB0_BASE + 0x18000)
   LPC_FLASH_BASE=(0x00000000UL)
   LPC_GPIO0=((LPC_GPIO_TypeDef *) LPC_GPIO0_BASE )
   LPC_GPIO0_BASE=(LPC_AHB_BASE + 0x00000)
   LPC_GPIO1=((LPC_GPIO_TypeDef *) LPC_GPIO1_BASE )
   LPC_GPIO1_BASE=(LPC_AHB_BASE + 0x10000)
   LPC_GPIO2=((LPC_GPIO_TypeDef *) LPC_GPIO2_BASE )
   LPC_GPIO2_BASE=(LPC_AHB_BASE + 0x20000)
   LPC_GPIO3=((LPC_GPIO_TypeDef *) LPC_GPIO3_BASE )
   LPC_GPIO3_BASE=(LPC_AHB_BASE + 0x30000)
   LPC_GPIO_BASE=(LPC_AHB_BASE + 0x00000)
   LPC_I2C=((LPC_I2C_TypeDef *) LPC_I2C_BASE )
   LPC_I2C_BASE=(LPC_APB0_BASE + 0x00000)
   LPC_IOCON=((LPC_IOCON_TypeDef *) LPC_IOCON_BASE )
   LPC_IOCON_BASE=(LPC_APB0_BASE + 0x44000)
   LPC_PMU=((LPC_PMU_TypeDef *) LPC_PMU_BASE )
   LPC_PMU_BASE=(LPC_APB0_BASE + 0x38000)
   LPC_RAM_BASE=(0x10000000UL)
   LPC_SSP0=((LPC_SSP_TypeDef *) LPC_SSP0_BASE )
   LPC_SSP0_BASE=(LPC_APB0_BASE + 0x40000)
   LPC_SSP1=((LPC_SSP_TypeDef *) LPC_SSP1_BASE )
   LPC_SSP1_BASE=(LPC_APB0_BASE + 0x58000)
   LPC_SYSCON=((LPC_SYSCON_TypeDef *) LPC_SYSCON_BASE)
   LPC_SYSCON_BASE=(LPC_APB0_BASE + 0x48000)
   LPC_TMR16B0=((LPC_TMR_TypeDef *) LPC_CT16B0_BASE)
   LPC_TMR16B1=((LPC_TMR_TypeDef *) LPC_CT16B1_BASE)
   LPC_TMR32B0=((LPC_TMR_TypeDef *) LPC_CT32B0_BASE)
   LPC_TMR32B1=((LPC_TMR_TypeDef *) LPC_CT32B1_BASE)
   LPC_UART=((LPC_UART_TypeDef *) LPC_UART_BASE )
   LPC_UART_BASE=(LPC_APB0_BASE + 0x08000)
   LPC_WDT=((LPC_WDT_TypeDef *) LPC_WDT_BASE )
   LPC_WDT_BASE=(LPC_APB0_BASE + 0x04000)
   LSR_BI=(0x01<<4)
   LSR_FE=(0x01<<3)
   LSR_OE=(0x01<<1)
   LSR_PE=(0x01<<2)
   LSR_RDR=(0x01<<0)
   LSR_RXFE=(0x01<<7)
   LSR_TEMT=(0x01<<6)
   LSR_THRE=(0x01<<5)
   MAX(a,b)=(((a) > (b)) ? (a) : (b))
   MAXSTORE=0x03ffffff
   MIN(a,b)=(((a) < (b)) ? (a) : (b))
   MODEM_TEST=0
   NELEMENTS(array)=(sizeof(array) / sizeof(array[0]))
   NMT_CMD_ENTER_PRE_OP=128
   NMT_CMD_RESET_COMM=130
   NMT_CMD_RESET_NODE=129
   NMT_CMD_START=1
   NMT_CMD_STOP=2
   NMT_STATE_INTIALIZING=0
   NMT_STATE_OPERATIONAL=5
   NMT_STATE_PRE_OPERATIONAL=127
   NMT_STATE_STOPPED=4
   NONHANDLE=((FILEHANDLE)(-1))
   NULL=((void *)0)
   NUM_CAN_NODES=50
   NVIC=((NVIC_Type *) NVIC_BASE)
   NVIC_BASE=(SCS_BASE + 0x0100UL)
   OD_EXP_RO=0x10
   OD_EXP_RW=0x30
   OD_EXP_WO=0x20
   OD_NONE=0x00
   OD_SEG_RO=0x40
   OD_SEG_RW=0x60
   OD_SEG_WO=0x50
   PARAM_FUNCTIONALSTATE(State)=((State == DISABLE) || (State == ENABLE))
   PARAM_SETSTATE(State)=((State == RESET) || (State == SET))
   PERIPHERAL=CAN
   PTRDIFF_MAX=0x7fffffff
   PTRDIFF_MIN=(-0x80000000)
   RBR_MASKBIT=(0xFF)
   RB_VHEAD(rb)=(*(volatile uint32_t *) &(rb)->head)
   RB_VTAIL(rb)=(*(volatile uint32_t *) &(rb)->tail)
   REDLIB_VERSION_H_=
   restrict=__restrict__
   ROM_DRIVERS_H_=
   RS485_AADEN=(0x1<<2)
   RS485_DCTRL=(0x1<<4)
   RS485_ENABLED=0
   RS485_NMMEN=(0x1<<0)
   RS485_OINV=(0x1<<5)
   RS485_RXDIS=(0x1<<1)
   RS485_SEL=(0x1<<3)
   SCB=((SCB_Type *) SCB_BASE)
   SCB_AIRCR_ENDIANESS_Msk=(1UL << SCB_AIRCR_ENDIANESS_Pos)
   SCB_AIRCR_ENDIANESS_Pos=15
   SCB_AIRCR_SYSRESETREQ_Msk=(1UL << SCB_AIRCR_SYSRESETREQ_Pos)
   SCB_AIRCR_SYSRESETREQ_Pos=2
   SCB_AIRCR_VECTCLRACTIVE_Msk=(1UL << SCB_AIRCR_VECTCLRACTIVE_Pos)
   SCB_AIRCR_VECTCLRACTIVE_Pos=1
   SCB_AIRCR_VECTKEYSTAT_Msk=(0xFFFFUL << SCB_AIRCR_VECTKEYSTAT_Pos)
   SCB_AIRCR_VECTKEYSTAT_Pos=16
   SCB_AIRCR_VECTKEY_Msk=(0xFFFFUL << SCB_AIRCR_VECTKEY_Pos)
   SCB_AIRCR_VECTKEY_Pos=16
   SCB_BASE=(SCS_BASE + 0x0D00UL)
   SCB_CCR_STKALIGN_Msk=(1UL << SCB_CCR_STKALIGN_Pos)
   SCB_CCR_STKALIGN_Pos=9
   SCB_CCR_UNALIGN_TRP_Msk=(1UL << SCB_CCR_UNALIGN_TRP_Pos)
   SCB_CCR_UNALIGN_TRP_Pos=3
   SCB_CPUID_ARCHITECTURE_Msk=(0xFUL << SCB_CPUID_ARCHITECTURE_Pos)
   SCB_CPUID_ARCHITECTURE_Pos=16
   SCB_CPUID_IMPLEMENTER_Msk=(0xFFUL << SCB_CPUID_IMPLEMENTER_Pos)
   SCB_CPUID_IMPLEMENTER_Pos=24
   SCB_CPUID_PARTNO_Msk=(0xFFFUL << SCB_CPUID_PARTNO_Pos)
   SCB_CPUID_PARTNO_Pos=4
   SCB_CPUID_REVISION_Msk=(0xFUL << SCB_CPUID_REVISION_Pos)
   SCB_CPUID_REVISION_Pos=0
   SCB_CPUID_VARIANT_Msk=(0xFUL << SCB_CPUID_VARIANT_Pos)
   SCB_CPUID_VARIANT_Pos=20
   SCB_ICSR_ISRPENDING_Msk=(1UL << SCB_ICSR_ISRPENDING_Pos)
   SCB_ICSR_ISRPENDING_Pos=22
   SCB_ICSR_ISRPREEMPT_Msk=(1UL << SCB_ICSR_ISRPREEMPT_Pos)
   SCB_ICSR_ISRPREEMPT_Pos=23
   SCB_ICSR_NMIPENDSET_Msk=(1UL << SCB_ICSR_NMIPENDSET_Pos)
   SCB_ICSR_NMIPENDSET_Pos=31
   SCB_ICSR_PENDSTCLR_Msk=(1UL << SCB_ICSR_PENDSTCLR_Pos)
   SCB_ICSR_PENDSTCLR_Pos=25
   SCB_ICSR_PENDSTSET_Msk=(1UL << SCB_ICSR_PENDSTSET_Pos)
   SCB_ICSR_PENDSTSET_Pos=26
   SCB_ICSR_PENDSVCLR_Msk=(1UL << SCB_ICSR_PENDSVCLR_Pos)
   SCB_ICSR_PENDSVCLR_Pos=27
   SCB_ICSR_PENDSVSET_Msk=(1UL << SCB_ICSR_PENDSVSET_Pos)
   SCB_ICSR_PENDSVSET_Pos=28
   SCB_ICSR_VECTACTIVE_Msk=(0x1FFUL << SCB_ICSR_VECTACTIVE_Pos)
   SCB_ICSR_VECTACTIVE_Pos=0
   SCB_ICSR_VECTPENDING_Msk=(0x1FFUL << SCB_ICSR_VECTPENDING_Pos)
   SCB_ICSR_VECTPENDING_Pos=12
   SCB_SCR_SEVONPEND_Msk=(1UL << SCB_SCR_SEVONPEND_Pos)
   SCB_SCR_SEVONPEND_Pos=4
   SCB_SCR_SLEEPDEEP_Msk=(1UL << SCB_SCR_SLEEPDEEP_Pos)
   SCB_SCR_SLEEPDEEP_Pos=2
   SCB_SCR_SLEEPONEXIT_Msk=(1UL << SCB_SCR_SLEEPONEXIT_Pos)
   SCB_SCR_SLEEPONEXIT_Pos=1
   SCS_BASE=(0xE000E000UL)
   SDO_ABORT_ACCINCOMP=0x06040047UL
   SDO_ABORT_DEVSTAT=0x08000022UL
   SDO_ABORT_LOCAL=0x08000021UL
   SDO_ABORT_NOT_EXISTS=0x06020000UL
   SDO_ABORT_PARAINCOMP=0x06040043UL
   SDO_ABORT_READONLY=0x06010002UL
   SDO_ABORT_SDOTIMEOUT=0x05040000UL
   SDO_ABORT_TOGGLE=0x05030000UL
   SDO_ABORT_TRANSFER=0x08000020UL
   SDO_ABORT_TYPEMISMATCH=0x06070010UL
   SDO_ABORT_UNKNOWNSUB=0x06090011UL
   SDO_ABORT_UNKNOWN_COMMAND=0x05040001UL
   SDO_ABORT_UNSUPPORTED=0x06010000UL
   SDO_ABORT_VALUE_RANGE=0x06090030UL
   SDO_ABORT_WRITEONLY=0x06010001UL
   SIG_ATOMIC_MAX=0xff
   SIG_ATOMIC_MIN=0
   SIZE_MAX=0xffffffffU
   STDBOOL_H_=
   SysTick=((SysTick_Type *) SysTick_BASE)
   SysTick_BASE=(SCS_BASE + 0x0010UL)
   SysTick_CALIB_NOREF_Msk=(1UL << SysTick_CALIB_NOREF_Pos)
   SysTick_CALIB_NOREF_Pos=31
   SysTick_CALIB_SKEW_Msk=(1UL << SysTick_CALIB_SKEW_Pos)
   SysTick_CALIB_SKEW_Pos=30
   SysTick_CALIB_TENMS_Msk=(0xFFFFFFUL << SysTick_VAL_CURRENT_Pos)
   SysTick_CALIB_TENMS_Pos=0
   SysTick_CTRL_CLKSOURCE_Msk=(1UL << SysTick_CTRL_CLKSOURCE_Pos)
   SysTick_CTRL_CLKSOURCE_Pos=2
   SysTick_CTRL_COUNTFLAG_Msk=(1UL << SysTick_CTRL_COUNTFLAG_Pos)
   SysTick_CTRL_COUNTFLAG_Pos=16
   SysTick_CTRL_ENABLE_Msk=(1UL << SysTick_CTRL_ENABLE_Pos)
   SysTick_CTRL_ENABLE_Pos=0
   SysTick_CTRL_TICKINT_Msk=(1UL << SysTick_CTRL_TICKINT_Pos)
   SysTick_CTRL_TICKINT_Pos=1
   SysTick_LOAD_RELOAD_Msk=(0xFFFFFFUL << SysTick_LOAD_RELOAD_Pos)
   SysTick_LOAD_RELOAD_Pos=0
   SysTick_VAL_CURRENT_Msk=(0xFFFFFFUL << SysTick_VAL_CURRENT_Pos)
   SysTick_VAL_CURRENT_Pos=0
   TRUE=(1)
   true=1
   TX_INTERRUPT=1
   UINT16_C(value)=((unsigned short)(value))
   UINT16_MAX=0xffffU
   UINT32_C(value)=((unsigned int)(value))
   UINT32_MAX=0xffffffffU
   UINT64_C(value)=((unsigned long long)(value))
   UINT64_MAX=0xffffffffffffffffULL
   UINT8_C(value)=((unsigned char)(value))
   UINT8_MAX=0xffU
   UINTMAX_C(value)=((unsigned long long)(value))
   UINTMAX_MAX=0xffffffffffffffffULL
   UINTPTR_MAX=0xffffffffU
   UINT_FAST16_MAX=0xffffffffU
   UINT_FAST32_MAX=0xffffffffU
   UINT_FAST64_MAX=0xffffffffffffffffULL
   UINT_FAST8_MAX=0xffffffffU
   UINT_LEAST16_MAX=0xffffU
   UINT_LEAST32_MAX=0xffffffffU
   UINT_LEAST64_MAX=0xffffffffffffffffULL
   UINT_LEAST8_MAX=0xffU
   USB=1
   WCHAR_MAX=__WCHAR_MAX__
   WCHAR_MIN=__WCHAR_MIN__
   WINT_MAX=INT32_MAX
   WINT_MIN=INT32_MIN
   _BIT(n)=(1 << (n))
   _BITMASK(field_width)=( _BIT(field_width) - 1)
   _BIT_SHIFT(IRQn)=( (((uint32_t)(IRQn) ) & 0x03) * 8 )
   _CAN_NODE_DEF_H=
   _Csys_close_(fh)=__sys_close((int)(fh))
   _Csys_flen_(fh)=__sys_flen((int)fh)
   _Csys_istty_(fh)=__sys_istty((int)fh)
   _Csys_open(name,mode,len)=__sys_open(name,mode,len)
   _Csys_seek_(fh,pos)=__sys_seek((int)fh,(int)pos)
   _Csys_write_(fh,buf,len,mode)=(__sys_write(fh,buf,len)==len?0:-1)
   _exit(n)=__sys_appexit()
   _fp_normalize(high,low)={ fp_number temp; double temp1; temp.d = high; temp.i.mlo = 0; temp1 = high - temp.d; low += temp1; high = temp.d; }
   _IP_IDX(IRQn)=( ((uint32_t)(IRQn) >> 2) )
   _kernel_sdiv(x,y)=((y)/(x))
   _kernel_sdiv10(x)=((x)/10)
   _kernel_udiv10(v)=((unsigned)((v))/10)
   _SBF(f,v)=((v) << (f))
   _SHP_IDX(IRQn)=( ((((uint32_t)(IRQn) & 0x0F)-8) >> 2) )
   _ttywrite(buf,len,wh)=__sys_write(0,(int)(buf),len)
   __ASM=__asm
   __bool_true_false_are_defined=1
   __builtin_constant_p(exp)=0
   __builtin_offsetof(T,m)=((size_t) &((T *)0)->m)
   __builtin_types_compatible_p(x,y)=__builtin_types_compatible_p(sizeof(x),sizeof(y))
   __builtin_va_arg(ap,type)=*(typeof(type) *)ap
   __CDT_PARSER__=1
   __CLK_TCK=100
   __CLOCK_T_DEFINED=
   __CM0_CMSIS_VERSION=((__CM0_CMSIS_VERSION_MAIN << 16) | __CM0_CMSIS_VERSION_SUB)
   __CM0_CMSIS_VERSION_MAIN=(0x02)
   __CM0_CMSIS_VERSION_SUB=(0x00)
   __CODEMIST=
   __complex__=_Complex
   __CORE_CM0_H_DEPENDANT=
   __CORE_CM0_H_GENERIC=
   __CORE_CMFUNC_H__=
   __CORE_CMINSTR_H__=
   __CORTEX_M=(0x00)
   __COUNTER__=0
   __DATE__="Oct 27 2014"
   __END_CRITICAL_REGION()=do {} while (0)
   __EXIT_FAILURE=1
   __EXIT_SUCCESS=0
   __extension__=
   __FILE__="file"
   __I=volatile const
   __imag__=(int)
   __INLINE=inline
   __IO=volatile
   __JMP_BUF_SIZE=22
   __LINE__=1
   __LPC11xx_H__=
   __LPC_TYPES_H_=
   __MPU_PRESENT=0
   __null=(void *)0
   __NVIC_PRIO_BITS=2
   __O=volatile
   __offsetof__(x)=(x)
   __PRId16="%hd"
   __PRId32="%d"
   __PRId64="%lld"
   __PRId8="%hhd"
   __PRIdFAST16="%d"
   __PRIdFAST32="%d"
   __PRIdFAST64="%lld"
   __PRIdFAST8="%d"
   __PRIdLEAST16="%hd"
   __PRIdLEAST32="%d"
   __PRIdLEAST64="%lld"
   __PRIdLEAST8="%hhd"
   __PRIdMAX="%lld"
   __PRIdPTR="%d"
   __PRIi16="%hi"
   __PRIi32="%i"
   __PRIi64="%lli"
   __PRIi8="%hhi"
   __PRIiFAST16="%i"
   __PRIiFAST32="%i"
   __PRIiFAST64="%lli"
   __PRIiFAST8="%i"
   __PRIiLEAST16="%hi"
   __PRIiLEAST32="%i"
   __PRIiLEAST64="%lli"
   __PRIiLEAST8="%hhi"
   __PRIiMAX="%lli"
   __PRIiPTR="%i"
   __PRIo16="%ho"
   __PRIo32="%o"
   __PRIo64="%llo"
   __PRIo8="%hho"
   __PRIoFAST16="%o"
   __PRIoFAST32="%o"
   __PRIoFAST64="%llo"
   __PRIoFAST8="%o"
   __PRIoLEAST16="%ho"
   __PRIoLEAST32="%o"
   __PRIoLEAST64="%llo"
   __PRIoLEAST8="%hho"
   __PRIoMAX="%llo"
   __PRIoPTR="%o"
   __PRIu16="%hu"
   __PRIu32="%u"
   __PRIu64="%llu"
   __PRIu8="%hhu"
   __PRIuFAST16="%o"
   __PRIuFAST32="%u"
   __PRIuFAST64="%llu"
   __PRIuFAST8="%u"
   __PRIuLEAST16="%hu"
   __PRIuLEAST32="%u"
   __PRIuLEAST64="%llu"
   __PRIuLEAST8="%hhu"
   __PRIuMAX="%llu"
   __PRIuPTR="%u"
   __PRIx16="%hx"
   __PRIx32="%x"
   __PRIx64="%llx"
   __PRIx8="%hhx"
   __PRIxFAST16="%x"
   __PRIxFAST32="%x"
   __PRIxFAST64="%llx"
   __PRIxFAST8="%x"
   __PRIxLEAST16="%hx"
   __PRIxLEAST32="%x"
   __PRIxLEAST64="%llx"
   __PRIxLEAST8="%hhx"
   __PRIxMAX="%llx"
   __PRIxPTR="%x"
   __real__=(int)
   __REDLIB_INTERFACE_VERSION__=20000
   __RING_BUFFER_H_=
   __ROM_DRIVER_CAN_H__=
   __SCNd16="%hd"
   __SCNd32="%d"
   __SCNd64="%lld"
   __SCNd8="%hhd"
   __SCNdFAST16="%d"
   __SCNdFAST32="%d"
   __SCNdFAST64="%lld"
   __SCNdFAST8="%d"
   __SCNdLEAST16="%hd"
   __SCNdLEAST32="%d"
   __SCNdLEAST64="%lld"
   __SCNdLEAST8="%hhd"
   __SCNdMAX="%lld"
   __SCNdPTR="%d"
   __SCNi16="%hi"
   __SCNi32="%i"
   __SCNi64="%lli"
   __SCNi8="%hhi"
   __SCNiFAST16="%i"
   __SCNiFAST32="%i"
   __SCNiFAST64="%lli"
   __SCNiFAST8="%i"
   __SCNiLEAST16="%hi"
   __SCNiLEAST32="%i"
   __SCNiLEAST64="%lli"
   __SCNiLEAST8="%hhi"
   __SCNiMAX="%lli"
   __SCNiPTR="%i"
   __SCNo16="%ho"
   __SCNo32="%o"
   __SCNo64="%llo"
   __SCNo8="%hho"
   __SCNoFAST16="%o"
   __SCNoFAST32="%o"
   __SCNoFAST64="%llo"
   __SCNoFAST8="%o"
   __SCNoLEAST16="%ho"
   __SCNoLEAST32="%o"
   __SCNoLEAST64="%llo"
   __SCNoLEAST8="%hho"
   __SCNoMAX="%llo"
   __SCNoPTR="%o"
   __SCNu16="%hu"
   __SCNu32="%u"
   __SCNu64="%llu"
   __SCNu8="%hhu"
   __SCNuFAST16="%u"
   __SCNuFAST32="%u"
   __SCNuFAST64="%llu"
   __SCNuFAST8="%u"
   __SCNuLEAST16="%hu"
   __SCNuLEAST32="%u"
   __SCNuLEAST64="%llu"
   __SCNuLEAST8="%hhu"
   __SCNuMAX="%llu"
   __SCNuPTR="%u"
   __SCNx16="%hx"
   __SCNx32="%x"
   __SCNx64="%llx"
   __SCNx8="%hhx"
   __SCNxFAST16="%x"
   __SCNxFAST32="%x"
   __SCNxFAST64="%llx"
   __SCNxFAST8="%x"
   __SCNxLEAST16="%hx"
   __SCNxLEAST32="%x"
   __SCNxLEAST64="%llx"
   __SCNxLEAST8="%hhx"
   __SCNxMAX="%llx"
   __SCNxPTR="%x"
   __SIZEOF_CHAR=1
   __SIZEOF_DOUBLE=8
   __SIZEOF_DOUBLE__COMPLEX=16
   __SIZEOF_FLOAT=4
   __SIZEOF_FLOAT__COMPLEX=8
   __SIZEOF_INT=4
   __SIZEOF_INTMAX=__SIZEOF_LONG_LONG
   __SIZEOF_LONG=4
   __SIZEOF_LONG_DOUBLE=12
   __SIZEOF_LONG_DOUBLE__COMPLEX=24
   __SIZEOF_LONG_LONG=8
   __SIZEOF_PTR=4
   __SIZEOF_PTRDIFF=4
   __SIZEOF_SHORT=2
   __SIZEOF_SIZE=4
   __SIZEOF__COMPLEX=16
   __SIZE_T_DEFINED=
   __START_CRITICAL_REGION()=do {} while (0)
   __stdcall=
   __STDC_VERSION__=199901L
   __STDINT_H_INCLUDED=
   __SYSTEM_LPC11xx_H=
   __SYS_LIBCONFIG_H_INCLUDED=
   __thread=
   __TIME_T_DEFINED=
   __TIME__="23:36:41"
   __UART_H=
   __Vendor_SysTickConfig=0

Macro definitions (from files actually parsed):
   UART_RRB_SIZE=32
   UART_SRB_SIZE=128

Written on Mon Oct 27 23:36:41 CET 2014
